0.00000000000000 6.0216508795669865
0.18957345971564 8.349120433017596
0.38862559241706207 7.428958051420842
0.5971563981042656 6.319350473612994
0.7962085308056874 -0.39242219215155316
0.9952606635071093 -4.506089309878211
1.1943127962085311 -8.349120433017589
1.3933649289099526 -7.861975642760484
1.5924170616113749 -4.641407307171853
1.7914691943127967 1.231393775372128
2.0000000000000004 4.722598105548041
2.1990521327014223 5.101488497970234
2.3981042654028446 5.994587280108258
2.597156398104266 2.3951285520974324
2.796208530805688 -0.5818673883626495
2.99526066350711 -2.90933694181326
3.1943127962085316 -5.696887686062244
3.393364928909953 -3.937753721244924
3.5924170616113753 -1.258457374830849
3.800947867298579 1.2584573748308543
4.000000000000002 2.69282814614344
4.199052132701423 3.9377537212449294
4.398104265402845 4.74966170500677
4.597156398104268 0.6089309878213829
4.796208530805687 -1.5561569688768575
4.995260663507111 -2.8010825439783478
5.203791469194313 -2.313937753721243
5.3933649289099534 -2.8010825439783478
5.601895734597157 -1.826792963464138
5.800947867298579 1.5561569688768646
6.000000000000002 3.09878213802436
6.199052132701423 2.746955345060897
6.398104265402845 1.4749661705006787
6.597156398104266 -0.9878213802435702
6.796208530805689 -0.7713125845737459
6.995260663507111 -1.9350473612990502
7.194312796208532 -3.017591339648172
7.393364928909955 -0.5277401894451934
7.592417061611377 0.3653585926928322
7.80094786729858 0.7713125845737512
8.000000000000002 2.828146143437081
8.199052132701425 1.772665764546689
8.398104265402845 -0.04059539918808852
8.597156398104268 -0.12178619756427445
8.79620853080569 -1.3125845737483068
8.99526066350711 -0.5548037889039215
9.194312796208534 -1.4479025710419453
9.393364928909953 -0.33829499323409706
9.601895734597157 -0.6359945872801056
9.80094786729858 1.0690121786197597
10.0000000000000 0.5548037889039268
